<?xml version="1.0" encoding="UTF-8"?>
<!-- Generated by org.testng.reporters.JUnitXMLReporter -->
<testsuite ignored="0" hostname="DESKTOP-671P6N6" failures="1" tests="2" name="EA Test" time="8.674" errors="0" timestamp="2022-01-11T19:25:04 IST">
  <testcase classname="com.ea.tests.tests.HomePageTest" name="verifyLoginPageNavigation" time="1.025"/>
  <testcase classname="com.ea.tests.tests.LoginPageTest" name="loginTest" time="2.628">
    <failure type="java.lang.AssertionError" message="expected [Home - Execute Automation Employee App] but found [Login - Execute Automation Employee App]">
      <![CDATA[java.lang.AssertionError: expected [Home - Execute Automation Employee App] but found [Login - Execute Automation Employee App]
at com.ea.tests.tests.LoginPageTest.loginTest(LoginPageTest.java:28)
at java.base/java.util.concurrent.ThreadPoolExecutor.runWorker(ThreadPoolExecutor.java:1130)
at java.base/java.util.concurrent.ThreadPoolExecutor$Worker.run(ThreadPoolExecutor.java:630)
at java.base/java.lang.Thread.run(Thread.java:831)
... Removed 18 stack frames]]>
    </failure>
  </testcase> <!-- loginTest -->
</testsuite> <!-- EA Test -->
